<?xml version="1.0" encoding="UTF-8"?>
<testsuite xmlns:xsi="http://www.w3.org/2001/XMLSchema-instance" xsi:noNamespaceSchemaLocation="https://maven.apache.org/surefire/maven-surefire-plugin/xsd/surefire-test-report.xsd" version="3.0.2" name="com.automation.runner.TestRunner" time="16.106" tests="7" errors="0" skipped="0" failures="2">
  <properties>
[...]
</properties>
  <testcase name="Verify user can create token #1" classname="Create Auth Token" time="4.983">
    <system-out><![CDATA[Request method:	POST
Request URI:	https://restful-booker.herokuapp.com/auth
Proxy:			<none>
Request params:	<none>
Query params:	<none>
Form params:	<none>
Path params:	<none>
Headers:		Accept=*/*
				Content-Type=application/json
Cookies:		<none>
Multiparts:		<none>
Body:
{
    "username": "ADMIN",
    "password": "ADMIN123"
}
{"reason":"Bad credentials"}
]]></system-out>
  </testcase>
  <testcase name="Verify user can create token #2" classname="Create Auth Token" time="1.449">
    <failure message="expected:&lt;[Bad credentials]&gt; but was:&lt;[ ]&gt;" type="org.junit.ComparisonFailure"><![CDATA[org.junit.ComparisonFailure: expected:<[Bad credentials]> but was:<[ ]>
	at org.junit.Assert.assertEquals(Assert.java:117)
	at org.junit.Assert.assertEquals(Assert.java:146)
	at com.automation.steps.ResponseSteps.verifyResponseMessageIs(ResponseSteps.java:58)
	at ✽.verify response message is "Bad credentials"(file:///C:/Users/280760/Documents/workspace-spring-tool-suite-4-4.22.1.RELEASE/placeHolderJson/src/test/resources/features/create_token.feature:9)
]]></failure>
    <system-out><![CDATA[Request method:	POST
Request URI:	https://restful-booker.herokuapp.com/auth
Proxy:			<none>
Request params:	<none>
Query params:	<none>
Form params:	<none>
Path params:	<none>
Headers:		Accept=*/*
				Content-Type=application/json
Cookies:		<none>
Multiparts:		<none>
Body:
{
    "username": "admin",
    "password": "password123"
}
{"token":"61b03f4bc3ca104"}
]]></system-out>
  </testcase>
  <testcase name="Verify user can create token #3" classname="Create Auth Token" time="1.335">
    <system-out><![CDATA[Request method:	POST
Request URI:	https://restful-booker.herokuapp.com/auth
Proxy:			<none>
Request params:	<none>
Query params:	<none>
Form params:	<none>
Path params:	<none>
Headers:		Accept=*/*
				Content-Type=application/json
Cookies:		<none>
Multiparts:		<none>
Body:
{
    "username": "Admin",
    "password": "password123"
}
{"reason":"Bad credentials"}
]]></system-out>
  </testcase>
  <testcase name="Verify user can create token #4" classname="Create Auth Token" time="1.344">
    <system-out><![CDATA[Request method:	POST
Request URI:	https://restful-booker.herokuapp.com/auth
Proxy:			<none>
Request params:	<none>
Query params:	<none>
Form params:	<none>
Path params:	<none>
Headers:		Accept=*/*
				Content-Type=application/json
Cookies:		<none>
Multiparts:		<none>
Body:
{
    "username": "aDMIN",
    "password": "password123"
}
{"reason":"Bad credentials"}
]]></system-out>
  </testcase>
  <testcase name="Verify user can create token #5" classname="Create Auth Token" time="1.323">
    <system-out><![CDATA[Request method:	POST
Request URI:	https://restful-booker.herokuapp.com/auth
Proxy:			<none>
Request params:	<none>
Query params:	<none>
Form params:	<none>
Path params:	<none>
Headers:		Accept=*/*
				Content-Type=application/json
Cookies:		<none>
Multiparts:		<none>
Body:
{
    "username": "admin",
    "password": "Password"
}
{"reason":"Bad credentials"}
]]></system-out>
  </testcase>
  <testcase name="create order post call" classname="test on json post call" time="2.029">
    <failure message="expected:&lt;201&gt; but was:&lt;404&gt;" type="java.lang.AssertionError"><![CDATA[java.lang.AssertionError: expected:<201> but was:<404>
	at org.junit.Assert.fail(Assert.java:89)
	at org.junit.Assert.failNotEquals(Assert.java:835)
	at org.junit.Assert.assertEquals(Assert.java:647)
	at org.junit.Assert.assertEquals(Assert.java:633)
	at com.automation.steps.ResponseSteps.verify_status_code_as(ResponseSteps.java:22)
	at ✽.verify status code as 201(file:///C:/Users/280760/Documents/workspace-spring-tool-suite-4-4.22.1.RELEASE/placeHolderJson/src/test/resources/features/jsonexcercise.feature:13)
]]></failure>
    <system-out><![CDATA[Request method:	POST
Request URI:	https://jsonplaceholder.typicode.com/posts
Proxy:			<none>
Request params:	<none>
Query params:	<none>
Form params:	<none>
Path params:	<none>
Headers:		Accept=*/*
				Content-Type=application/json
Cookies:		<none>
Multiparts:		<none>
Body:
{
    "title": "foo",
    "body": "bar",
    "userId": 132
}
{
  "title": "foo",
  "body": "bar",
  "userId": 132,
  "id": 101
}
Request method:	GET
Request URI:	https://jsonplaceholder.typicode.com/posts/101
Proxy:			<none>
Request params:	<none>
Query params:	<none>
Form params:	<none>
Path params:	<none>
Headers:		Accept=*/*
				Content-Type=application/json
Cookies:		<none>
Multiparts:		<none>
Body:
{
    
}
]]></system-out>
  </testcase>
  <testcase name="rest post request" classname="test on json post call" time="2.597">
    <system-out><![CDATA[Request method:	POST
Request URI:	https://api.restful-api.dev/objects
Proxy:			<none>
Request params:	<none>
Query params:	<none>
Form params:	<none>
Path params:	<none>
Headers:		Accept=*/*
				Content-Type=application/json
Cookies:		<none>
Multiparts:		<none>
Body:
{
    "name": "Apple MacBook Pro 16",
    "data": {
        "year": 2019,
        "price": 1849.99,
        "CPU model": "Intel Core i9",
        "Hard disk size": "1 TB"
    }
}
{"id":"ff808181910cdad101910dd1309d03a7","name":"Apple MacBook Pro 16","createdAt":"2024-08-01T12:01:38.974+00:00","data":{"year":2019,"price":1849.99,"CPU model":"Intel Core i9","Hard disk size":"1 TB"}}
Request method:	GET
Request URI:	https://api.restful-api.dev/objects/ff808181910cdad101910dd1309d03a7
Proxy:			<none>
Request params:	<none>
Query params:	<none>
Form params:	<none>
Path params:	<none>
Headers:		Accept=*/*
				Content-Type=application/json
Cookies:		<none>
Multiparts:		<none>
Body:
{
    
}
{"id":"ff808181910cdad101910dd1309d03a7","name":"Apple MacBook Pro 16","data":{"year":2019,"price":1849.99,"CPU model":"Intel Core i9","Hard disk size":"1 TB"}}
]]></system-out>
  </testcase>
</testsuite>